<?xml version="1.0" encoding="UTF-8"?>
<robot generator="Robot 6.1 (Python 3.11.4 on win32)" generated="20230712 17:42:19.718" rpa="false" schemaversion="4">
<suite id="s1" name="Tests" source="C:\Users\monsh\PycharmProjects\occazio_app\Tests">
<suite id="s1-s1" name="homeTest" source="C:\Users\monsh\PycharmProjects\occazio_app\Tests\homeTest.robot">
<test id="s1-s1-t1" name="Demarrage" line="8">
<kw name="Run Keywords" library="BuiltIn" type="SETUP">
<arg>base.Start Appium</arg>
<arg>AND</arg>
<arg>base.Launch App</arg>
<doc>Executes all the given keywords in a sequence.</doc>
<kw name="Start Appium" library="base">
<kw name="Run And Return Rc" library="OperatingSystem">
<arg>${APPIUM_COMMAND}</arg>
<doc>Runs the given command in the system and returns the return code.</doc>
<msg timestamp="20230712 17:42:20.106" level="INFO">Running command 'appium -p 4723 2&gt;&amp;1'.</msg>
<status status="PASS" starttime="20230712 17:42:20.100" endtime="20230712 17:43:49.824"/>
</kw>
<kw name="Log To Console" library="BuiltIn">
<arg>Started</arg>
<doc>Logs the given message to the console.</doc>
<msg timestamp="20230712 17:43:49.827" level="FAIL">OSError: [Errno 22] Invalid argument</msg>
<status status="FAIL" starttime="20230712 17:43:49.827" endtime="20230712 17:43:49.827"/>
</kw>
<status status="FAIL" starttime="20230712 17:42:20.100" endtime="20230712 17:43:49.830"/>
</kw>
<status status="FAIL" starttime="20230712 17:42:20.099" endtime="20230712 17:43:49.830"/>
</kw>
<kw name="Run Keywords" library="BuiltIn" type="TEARDOWN">
<arg>Close App</arg>
<arg>AND</arg>
<arg>Stop Appium</arg>
<doc>Executes all the given keywords in a sequence.</doc>
<kw name="Close App" library="base">
<kw name="Close Application" library="AppiumLibrary">
<doc>Closes the current application and also close webdriver session.</doc>
<kw name="Capture Page Screenshot" library="AppiumLibrary">
<doc>Takes a screenshot of the current page and embeds it into the log.</doc>
<msg timestamp="20230712 17:43:49.833" level="FAIL">No application is open</msg>
<status status="FAIL" starttime="20230712 17:43:49.832" endtime="20230712 17:43:49.846"/>
</kw>
<msg timestamp="20230712 17:43:49.849" level="WARN">Keyword 'Capture Page Screenshot' could not be run on failure: No application is open</msg>
<msg timestamp="20230712 17:43:49.852" level="FAIL">No application is open</msg>
<status status="FAIL" starttime="20230712 17:43:49.832" endtime="20230712 17:43:49.853"/>
</kw>
<status status="FAIL" starttime="20230712 17:43:49.832" endtime="20230712 17:43:49.857"/>
</kw>
<kw name="Stop Appium" library="base">
<doc>Stops the running Appium server on port 4723</doc>
<kw name="Run And Return Rc" library="OperatingSystem">
<arg>taskkill /F /IM node.exe</arg>
<doc>Runs the given command in the system and returns the return code.</doc>
<msg timestamp="20230712 17:43:49.870" level="INFO">Running command 'taskkill /F /IM node.exe 2&gt;&amp;1'.</msg>
<status status="PASS" starttime="20230712 17:43:49.859" endtime="20230712 17:43:50.052"/>
</kw>
<status status="PASS" starttime="20230712 17:43:49.859" endtime="20230712 17:43:50.053"/>
</kw>
<status status="FAIL" starttime="20230712 17:43:49.831" endtime="20230712 17:43:50.053">No application is open</status>
</kw>
<tag>test_001</tag>
<status status="SKIP" starttime="20230712 17:42:20.097" endtime="20230712 17:43:50.054">Setup failed:
OSError: [Errno 22] Invalid argument

Also teardown failed:
No application is open
Skipped for Retry</status>
</test>
<test id="s1-s1-t2" name="Demarrage" line="8">
<kw name="Run Keywords" library="BuiltIn" type="SETUP">
<arg>base.Start Appium</arg>
<arg>AND</arg>
<arg>base.Launch App</arg>
<doc>Executes all the given keywords in a sequence.</doc>
<kw name="Start Appium" library="base">
<kw name="Run And Return Rc" library="OperatingSystem">
<arg>${APPIUM_COMMAND}</arg>
<doc>Runs the given command in the system and returns the return code.</doc>
<msg timestamp="20230712 17:43:50.066" level="INFO">Running command 'appium -p 4723 2&gt;&amp;1'.</msg>
<status status="PASS" starttime="20230712 17:43:50.062" endtime="20230712 17:44:15.168"/>
</kw>
<kw name="Log To Console" library="BuiltIn">
<arg>Started</arg>
<doc>Logs the given message to the console.</doc>
<msg timestamp="20230712 17:44:15.171" level="FAIL">OSError: [Errno 22] Invalid argument</msg>
<status status="FAIL" starttime="20230712 17:44:15.171" endtime="20230712 17:44:15.171"/>
</kw>
<status status="FAIL" starttime="20230712 17:43:50.061" endtime="20230712 17:44:15.174"/>
</kw>
<status status="FAIL" starttime="20230712 17:43:50.060" endtime="20230712 17:44:15.174"/>
</kw>
<kw name="Run Keywords" library="BuiltIn" type="TEARDOWN">
<arg>Close App</arg>
<arg>AND</arg>
<arg>Stop Appium</arg>
<doc>Executes all the given keywords in a sequence.</doc>
<kw name="Close App" library="base">
<kw name="Close Application" library="AppiumLibrary">
<doc>Closes the current application and also close webdriver session.</doc>
<kw name="Capture Page Screenshot" library="AppiumLibrary">
<doc>Takes a screenshot of the current page and embeds it into the log.</doc>
<msg timestamp="20230712 17:44:15.176" level="FAIL">No application is open</msg>
<status status="FAIL" starttime="20230712 17:44:15.176" endtime="20230712 17:44:15.177"/>
</kw>
<msg timestamp="20230712 17:44:15.181" level="WARN">Keyword 'Capture Page Screenshot' could not be run on failure: No application is open</msg>
<msg timestamp="20230712 17:44:15.181" level="FAIL">No application is open</msg>
<status status="FAIL" starttime="20230712 17:44:15.175" endtime="20230712 17:44:15.182"/>
</kw>
<status status="FAIL" starttime="20230712 17:44:15.175" endtime="20230712 17:44:15.184"/>
</kw>
<kw name="Stop Appium" library="base">
<doc>Stops the running Appium server on port 4723</doc>
<kw name="Run And Return Rc" library="OperatingSystem">
<arg>taskkill /F /IM node.exe</arg>
<doc>Runs the given command in the system and returns the return code.</doc>
<msg timestamp="20230712 17:44:15.196" level="INFO">Running command 'taskkill /F /IM node.exe 2&gt;&amp;1'.</msg>
<status status="PASS" starttime="20230712 17:44:15.184" endtime="20230712 17:44:15.398"/>
</kw>
<status status="PASS" starttime="20230712 17:44:15.184" endtime="20230712 17:44:15.399"/>
</kw>
<status status="FAIL" starttime="20230712 17:44:15.175" endtime="20230712 17:44:15.400">No application is open</status>
</kw>
<tag>test_001</tag>
<status status="FAIL" starttime="20230712 17:43:50.059" endtime="20230712 17:44:15.400">Setup failed:
OSError: [Errno 22] Invalid argument

Also teardown failed:
No application is open
[RETRY] FAIL on 1. retry.</status>
</test>
<status status="FAIL" starttime="20230712 17:42:20.085" endtime="20230712 17:44:15.405"/>
</suite>
<status status="FAIL" starttime="20230712 17:42:19.810" endtime="20230712 17:44:15.410"/>
</suite>
<statistics>
<total>
<stat pass="0" fail="1" skip="0">All Tests</stat>
</total>
<tag>
<stat pass="0" fail="1" skip="0">test_001</stat>
</tag>
<suite>
<stat pass="0" fail="1" skip="0" id="s1" name="Tests">Tests</stat>
<stat pass="0" fail="1" skip="0" id="s1-s1" name="homeTest">Tests.homeTest</stat>
</suite>
</statistics>
<errors>
<msg timestamp="20230712 17:43:49.849" level="WARN">Keyword 'Capture Page Screenshot' could not be run on failure: No application is open</msg>
<msg timestamp="20230712 17:43:50.059" level="WARN">Retry 1/1 of test 'Demarrage':</msg>
<msg timestamp="20230712 17:44:15.181" level="WARN">Keyword 'Capture Page Screenshot' could not be run on failure: No application is open</msg>
</errors>
</robot>
name="${index}">3</var>
<kw name="Run Keyword If" library="BuiltIn">
<arg>${buttons}</arg>
<arg>Swipe By Percent</arg>
<arg>90</arg>
<arg>50</arg>
<arg>10</arg>
<arg>50</arg>
<arg>200</arg>
<arg>ELSE</arg>
<arg>Exit For Loop</arg>
<doc>Runs the given keyword with the given arguments, if ``condition`` is true.</doc>
<kw name="Swipe By Percent" library="AppiumLibrary">
<arg>90</arg>
<arg>50</arg>
<arg>10</arg>
<arg>50</arg>
<arg>200</arg>
<doc>Swipe from one percent of the screen to another percent, for an optional duration.
Normal swipe fails to scale for different screen resolutions, this can be avoided using percent.</doc>
<status status="PASS" starttime="20230712 17:44:11.523" endtime="20230712 17:44:12.093"/>
</kw>
<status status="PASS" starttime="20230712 17:44:11.523" endtime="20230712 17:44:12.093"/>
</kw>
<status status="PASS" starttime="20230712 17:44:11.523" endtime="20230712 17:44:12.094"/>
</iter>
<status status="PASS" starttime="20230712 17:44:09.825" endtime="20230712 17:44:12.094"/>
</for>
<kw name="Click Element" library="AppiumLibrary">
<arg>id=v_seekbar_overlay</arg>
<doc>Click element identified by `locator`.</doc>
<msg timestamp="20230712 17:44:12.095" level="INFO">Clicking element 'id=v_seekbar_overlay'.</msg>
<msg timestamp="20230712 17:44:12.954" level="INFO">criteria is v_seekbar_overlay</msg>
<status status="PASS" starttime="20230712 17:44:12.094" endtime="20230712 17:44:12.955"/>
</kw>
<kw name="Click Element" library="AppiumLibrary">
<arg>id=bt_stop_showcase</arg>
<doc>Click element identified by `locator`.</doc>
<msg timestamp="20230712 17:44:12.958" level="INFO">Clicking element 'id=bt_stop_showcase'.</msg>
<msg timestamp="20230712 17:44:13.704" level="INFO">criteria is bt_stop_showcase</msg>
<status status="PASS" starttime="20230712 17:44:12.957" endtime="20230712 17:44:13.704"/>
</kw>
<kw name="Wait Until Element Is Visible" library="AppiumLibrary">
<arg>id=tv_why_user_title</arg>
<doc>Waits until element specified with `locator` is visible.</doc>
<msg timestamp="20230712 17:44:14.569" level="INFO">criteria is tv_why_user_title</msg>
<status status="PASS" starttime="20230712 17:44:13.706" endtime="20230712 17:44:14.570"/>
</kw>
<kw name="Wait Until Element Is Visible" library="AppiumLibrary">
<arg>id=v_click_why_other</arg>
<doc>Waits until element specified with `locator` is visible.</doc>
<msg timestamp="20230712 17:44:14.598" level="INFO">criteria is v_click_why_other</msg>
<status status="PASS" starttime="20230712 17:44:14.570" endtime="20230712 17:44:14.598"/>
</kw>
<kw name="Click Element" library="AppiumLibrary">
<arg>id=v_click_why_other</arg>
<doc>Click element identified by `locator`.</doc>
<msg timestamp="20230712 17:44:14.602" level="INFO">Clicking element 'id=v_click_why_other'.</msg>
<msg timestamp="20230712 17:44:14.662" level="INFO">criteria is v_click_why_other</msg>
<status status="PASS" starttime="20230712 17:44:14.601" endtime="20230712 17:44:14.662"/>
</kw>
<status status="PASS" starttime="20230712 17:44:05.821" endtime="20230712 17:44:14.664"/>
</kw>
<kw name="Run Keywords" library="BuiltIn" type="TEARDOWN">
<arg>Close App</arg>
<arg>AND</arg>
<arg>Stop Appium</arg>
<doc>Executes all the given keywords in a sequence.</doc>
<kw name="Close App" library="base">
<kw name="Close Application" library="AppiumLibrary">
<doc>Closes the current application and also close webdriver session.</doc>
<status status="PASS" starttime="20230712 17:44:14.667" endtime="20230712 17:44:14.971"/>
</kw>
<status status="PASS" starttime="20230712 17:44:14.666" endtime="20230712 17:44:14.972"/>
</kw>
<kw name="Stop Appium" library="base">
<doc>Stops the running Appium server on port 4723</doc>
<kw name="Run And Return Rc" library="OperatingSystem">
<arg>taskkill /F /IM node.exe</arg>
<doc>Runs the given command in the system and returns the return code.</doc>
<msg timestamp="20230712 17:44:14.980" level="INFO">Running command 'taskkill /F /IM node.exe 2&gt;&amp;1'.</msg>
<status status="PASS" starttime="20230712 17:44:14.972" endtime="20230712 17:44:15.155"/>
</kw>
<status status="PASS" starttime="20230712 17:44:14.972" endtime="20230712 17:44:15.157"/>
</kw>
<status status="PASS" starttime="20230712 17:44:14.665" endtime="20230712 17:44:15.157"/>
</kw>
<tag>test_001</tag>
<status status="PASS" starttime="20230712 17:43:56.882" endtime="20230712 17:44:15.158"/>
</test>
<status status="PASS" starttime="20230712 17:43:56.871" endtime="20230712 17:44:15.167"/>
</suite>
<status status="PASS" starttime="20230712 17:43:56.623" endtime="20230712 17:44:15.171"/>
</suite>
<statistics>
<total>
<stat pass="1" fail="0" skip="0">All Tests</stat>
</total>
<tag>
<stat pass="1" fail="0" skip="0">test_001</stat>
</tag>
<suite>
<stat pass="1" fail="0" skip="0" id="s1" name="Tests">Tests</stat>
<stat pass="1" fail="0" skip="0" id="s1-s1" name="homeTest">Tests.homeTest</stat>
</suite>
</statistics>
<errors>
</errors>
</robot>
